<?xml version="1.0" encoding="UTF-8"?>
<!-- Generated by org.testng.reporters.JUnitReportReporter -->
<testsuite hostname="DESKTOP-BFV7AEF" failures="0" tests="2" name="com.amazon.search.Search" time="7.656" errors="0" timestamp="2024-10-08T22:28:31 IST" skipped="0">
  <testcase classname="com.amazon.search.Search" name="validate_Search" time="3.546"/>
  <system-out/>
  <testcase classname="com.amazon.search.Search" name="validate_brands" time="4.110"/>
  <system-out/>
</testsuite> <!-- com.amazon.search.Search -->
