<?xml version="1.0" encoding="UTF-8"?>
<!-- Generated by org.testng.reporters.JUnitReportReporter -->
<testsuite hostname="DESKTOP-BFV7AEF" failures="0" tests="1" name="com.amazon.search.AddToCartPage" time="14.818" errors="0" timestamp="2024-10-08T23:31:05 IST" skipped="0">
  <testcase classname="com.amazon.search.AddToCartPage" name="validateAddToCart" time="14.818"/>
  <system-out/>
</testsuite> <!-- com.amazon.search.AddToCartPage -->
